Arguments: 
  /usr/local/Cellar/node/17.6.0_1/bin/node /usr/local/Cellar/yarn/1.22.17_2/libexec/bin/yarn.js init

PATH: 
  /Users/wazo/.rvm/gems/ruby-1.9.3-p551/bin:/Users/wazo/.rvm/gems/ruby-1.9.3-p551@global/bin:/Users/wazo/.rvm/rubies/ruby-1.9.3-p551/bin:/usr/local/bin:/usr/bin:/bin:/usr/sbin:/sbin:/Library/Apple/usr/bin:/Users/wazo/.rvm/gems/ruby-1.9.3-p551/bin:/Users/wazo/.rvm/gems/ruby-1.9.3-p551@global/bin:/Users/wazo/.rvm/rubies/ruby-1.9.3-p551/bin:/Users/wazo/.rvm/bin:/Users/wazo/.rvm/bin

Yarn version: 
  1.22.17

Node version: 
  17.6.0

Platform: 
  darwin x64

Trace: 
  Error: canceled
      at Interface.<anonymous> (/usr/local/Cellar/yarn/1.22.17_2/libexec/lib/cli.js:137143:13)
      at Interface.emit (node:events:527:28)
      at Interface.[_ttyWrite] [as _ttyWrite] (node:internal/readline/interface:1117:18)
      at ReadStream.onkeypress (node:internal/readline/interface:269:20)
      at ReadStream.emit (node:events:527:28)
      at emitKeys (node:internal/readline/utils:358:14)
      at emitKeys.next (<anonymous>)
      at ReadStream.onData (node:internal/readline/emitKeypressEvents:64:36)
      at ReadStream.emit (node:events:527:28)
      at addChunk (node:internal/streams/readable:324:12)

npm manifest: 
  {
    "name": "carte-aux-tresors",
    "version": "1.0.0",
    "main": "index.js",
    "repository": "git@github.com:manonxrray/carte-aux-tresors.git",
    "author": "<manon.gerray@gmail.com>",
    "license": "MIT"
  }

yarn manifest: 
  No manifest

Lockfile: 
  # THIS IS AN AUTOGENERATED FILE. DO NOT EDIT THIS FILE DIRECTLY.
  # yarn lockfile v1
